Adding in variants from internal_defaults
Adding in variants from /home/dingye/Documents/Github/openmm_deepmd_plugin-feedstock/recipe/conda_build_config.yaml
Attempting to finalize metadata for openmm_deepmd_plugin
Collecting package metadata (repodata.json): ...working... done
Solving environment: ...working... done
Collecting package metadata (repodata.json): ...working... done
Solving environment: ...working... done
Collecting package metadata (repodata.json): ...working... done
Solving environment: ...working... done
BUILD START: ['openmm_deepmd_plugin-2.0.0.b3-h3c332f5_1.tar.bz2']
Collecting package metadata (repodata.json): ...working... done
Solving environment: ...working... done

## Package Plan ##

  environment location: /home/dingye/anaconda3/conda-bld/openmm_deepmd_plugin_1629616298748/_h_env_placehold_placehold_placehold_placehold_placehold_placehold_placehold_placehold_placehold_placehold_placehold_placehold_placehold_placehold_placehold_placehold_placehold_placehold_


The following NEW packages will be INSTALLED:

    _libgcc_mutex:    0.1-conda_forge            conda-forge           
    _openmp_mutex:    4.5-1_gnu                  conda-forge           
    ca-certificates:  2021.5.30-ha878542_0       conda-forge           
    cudatoolkit:      11.2.2-he111cf0_8          conda-forge           
    cython:           0.29.24-py38h709712a_0     conda-forge           
    fftw:             3.3.9-nompi_h74d3f13_101   conda-forge           
    intel-openmp:     2021.3.0-h06a4308_3350     defaults              
    ld_impl_linux-64: 2.36.1-hea4e1c9_2          conda-forge           
    libblas:          3.9.0-11_linux64_openblas  conda-forge           
    libcblas:         3.9.0-11_linux64_openblas  conda-forge           
    libdeepmd:        2.0.0.b3-1_cudaNone_cpu    deepmodeling/label/dev
    libffi:           3.3-h58526e2_2             conda-forge           
    libgcc-ng:        11.1.0-hc902ee8_8          conda-forge           
    libgfortran-ng:   11.1.0-h69a702a_8          conda-forge           
    libgfortran5:     11.1.0-h6c583b3_8          conda-forge           
    libgomp:          11.1.0-hc902ee8_8          conda-forge           
    liblapack:        3.9.0-11_linux64_openblas  conda-forge           
    libopenblas:      0.3.17-pthreads_h8fe5266_1 conda-forge           
    libstdcxx-ng:     11.1.0-h56837e0_8          conda-forge           
    libtensorflow_cc: 2.5.0-cpu_cudaNone_0       deepmodeling          
    ncurses:          6.2-h58526e2_4             conda-forge           
    numpy:            1.16.6-py38h18fd61f_0      conda-forge           
    ocl-icd:          2.3.1-h7f98852_0           conda-forge           
    ocl-icd-system:   1.0.0-1                    conda-forge           
    openmm:           7.5.1-py38ha082873_1       conda-forge           
    openssl:          1.1.1k-h7f98852_1          conda-forge           
    pcre:             8.45-h9c3ff4c_0            conda-forge           
    pip:              21.2.4-pyhd8ed1ab_0        conda-forge           
    python:           3.8.10-h49503c6_1_cpython  conda-forge           
    python_abi:       3.8-2_cp38                 conda-forge           
    readline:         8.1-h46c0cb4_0             conda-forge           
    setuptools:       57.4.0-py38h578d9bd_0      conda-forge           
    sqlite:           3.36.0-h9cd32fc_0          conda-forge           
    swig:             4.0.2-hd3c618e_2           conda-forge           
    tk:               8.6.10-h21135ba_1          conda-forge           
    wheel:            0.37.0-pyhd8ed1ab_1        conda-forge           
    xz:               5.2.5-h516909a_1           conda-forge           
    zlib:             1.2.11-h516909a_1010       conda-forge           

Preparing transaction: ...working... done
Verifying transaction: ...working... done
Executing transaction: ...working... By downloading and using the CUDA Toolkit conda packages, you accept the terms and conditions of the CUDA End User License Agreement (EULA): https://docs.nvidia.com/cuda/eula/index.html

done
Collecting package metadata (repodata.json): ...working... done
Solving environment: ...working... done
Collecting package metadata (repodata.json): ...working... done
Solving environment: ...working... done

## Package Plan ##

  environment location: /home/dingye/anaconda3/conda-bld/openmm_deepmd_plugin_1629616298748/_build_env


The following NEW packages will be INSTALLED:

    _libgcc_mutex:                        0.1-conda_forge         conda-forge
    _openmp_mutex:                        4.5-1_gnu               conda-forge
    _sysroot_linux-64_curr_repodata_hack: 3-h5bd9786_12           conda-forge
    binutils_impl_linux-64:               2.36.1-h193b22a_2       conda-forge
    binutils_linux-64:                    2.36-hf3e587d_33        conda-forge
    bzip2:                                1.0.8-h516909a_3        conda-forge
    c-ares:                               1.17.1-h36c2ea0_0       conda-forge
    ca-certificates:                      2021.5.30-ha878542_0    conda-forge
    cmake:                                3.19.1-h1f3970d_0       conda-forge
    expat:                                2.2.9-he1b5a44_2        conda-forge
    gcc_impl_linux-64:                    7.5.0-habd7529_19       conda-forge
    gcc_linux-64:                         7.5.0-h47867f9_33       conda-forge
    gxx_impl_linux-64:                    7.5.0-hd0bb8aa_19       conda-forge
    gxx_linux-64:                         7.5.0-h555fc39_33       conda-forge
    kernel-headers_linux-64:              3.10.0-h4a8ded7_12      conda-forge
    krb5:                                 1.17.2-h926e7f8_0       conda-forge
    ld_impl_linux-64:                     2.36.1-hea4e1c9_2       conda-forge
    libcurl:                              7.71.1-hcdd3856_8       conda-forge
    libedit:                              3.1.20191231-he28a2e2_2 conda-forge
    libev:                                4.33-h516909a_1         conda-forge
    libgcc-devel_linux-64:                7.5.0-hda03d7c_19       conda-forge
    libgcc-ng:                            7.5.0-h2828fa1_19       conda-forge
    libgomp:                              7.5.0-h2828fa1_19       conda-forge
    libnghttp2:                           1.41.0-h8cfc5f6_2       conda-forge
    libssh2:                              1.9.0-hab1572f_5        conda-forge
    libstdcxx-devel_linux-64:             7.5.0-hb016644_19       conda-forge
    libstdcxx-ng:                         7.5.0-h6de172a_19       conda-forge
    libuv:                                1.40.0-hd18ef5c_0       conda-forge
    make:                                 4.3-hd18ef5c_1          conda-forge
    ncurses:                              6.2-h58526e2_4          conda-forge
    openssl:                              1.1.1h-h516909a_0       conda-forge
    rhash:                                1.4.0-h36c2ea0_0        conda-forge
    sysroot_linux-64:                     2.17-h4a8ded7_12        conda-forge
    tk:                                   8.6.10-h21135ba_1       conda-forge
    xz:                                   5.2.5-h516909a_1        conda-forge
    zlib:                                 1.2.11-h516909a_1010    conda-forge

Preparing transaction: ...working... done
Verifying transaction: ...working... done
Executing transaction: ...working... done
commit bf93b6ea45264711a7d80e5231c1aaf3e4f82d0a
Author: dingye <dingye@westlake.edu.cn>
Date:   Sat Aug 14 16:17:25 2021 +0800

    Remove redundant include files.

v2.0.0.b2

HEAD detached at v2.0.0.b2
nothing to commit, working tree clean

checkout: 'v2.0.0.b2'
==> /usr/bin/git log -n1 <==

==> /usr/bin/git describe --tags --dirty <==

==> /usr/bin/git status <==

source tree in: /home/dingye/anaconda3/conda-bld/openmm_deepmd_plugin_1629616298748/work
export PREFIX=/home/dingye/anaconda3/conda-bld/openmm_deepmd_plugin_1629616298748/_h_env_placehold_placehold_placehold_placehold_placehold_placehold_placehold_placehold_placehold_placehold_placehold_placehold_placehold_placehold_placehold_placehold_placehold_placehold_
export BUILD_PREFIX=/home/dingye/anaconda3/conda-bld/openmm_deepmd_plugin_1629616298748/_build_env
export SRC_DIR=/home/dingye/anaconda3/conda-bld/openmm_deepmd_plugin_1629616298748/work
INFO: activate-binutils_linux-64.sh made the following environmental changes:
+ADDR2LINE=$BUILD_PREFIX/bin/x86_64-conda-linux-gnu-addr2line
+AR=$BUILD_PREFIX/bin/x86_64-conda-linux-gnu-ar
+AS=$BUILD_PREFIX/bin/x86_64-conda-linux-gnu-as
+CXXFILT=$BUILD_PREFIX/bin/x86_64-conda-linux-gnu-c++filt
+ELFEDIT=$BUILD_PREFIX/bin/x86_64-conda-linux-gnu-elfedit
+GPROF=$BUILD_PREFIX/bin/x86_64-conda-linux-gnu-gprof
+LD_GOLD=$BUILD_PREFIX/bin/x86_64-conda-linux-gnu-ld.gold
+LD=$BUILD_PREFIX/bin/x86_64-conda-linux-gnu-ld
+NM=$BUILD_PREFIX/bin/x86_64-conda-linux-gnu-nm
+OBJCOPY=$BUILD_PREFIX/bin/x86_64-conda-linux-gnu-objcopy
+OBJDUMP=$BUILD_PREFIX/bin/x86_64-conda-linux-gnu-objdump
+RANLIB=$BUILD_PREFIX/bin/x86_64-conda-linux-gnu-ranlib
+READELF=$BUILD_PREFIX/bin/x86_64-conda-linux-gnu-readelf
+SIZE=$BUILD_PREFIX/bin/x86_64-conda-linux-gnu-size
+STRINGS=$BUILD_PREFIX/bin/x86_64-conda-linux-gnu-strings
+STRIP=$BUILD_PREFIX/bin/x86_64-conda-linux-gnu-strip
INFO: activate-gcc_linux-64.sh made the following environmental changes:
+build_alias=x86_64-conda-linux-gnu
-BUILD=x86_64-conda_cos6-linux-gnu
+BUILD=x86_64-conda-linux-gnu
+CC_FOR_BUILD=$BUILD_PREFIX/bin/x86_64-conda-linux-gnu-cc
+CC=$BUILD_PREFIX/bin/x86_64-conda-linux-gnu-cc
+CFLAGS=-march=nocona -mtune=haswell -ftree-vectorize -fPIC -fstack-protector-strong -fno-plt -O2 -ffunction-sections -pipe -isystem $PREFIX/include -fdebug-prefix-map=$SRC_DIR=/usr/local/src/conda/openmm_deepmd_plugin-2.0.0.b3 -fdebug-prefix-map=$PREFIX=/usr/local/src/conda-prefix
+CMAKE_ARGS=-DCMAKE_AR=$BUILD_PREFIX/bin/x86_64-conda-linux-gnu-ar -DCMAKE_CXX_COMPILER_AR=$BUILD_PREFIX/bin/x86_64-conda-linux-gnu-gcc-ar -DCMAKE_C_COMPILER_AR=$BUILD_PREFIX/bin/x86_64-conda-linux-gnu-gcc-ar -DCMAKE_RANLIB=$BUILD_PREFIX/bin/x86_64-conda-linux-gnu-ranlib -DCMAKE_CXX_COMPILER_RANLIB=$BUILD_PREFIX/bin/x86_64-conda-linux-gnu-gcc-ranlib -DCMAKE_C_COMPILER_RANLIB=$BUILD_PREFIX/bin/x86_64-conda-linux-gnu-gcc-ranlib -DCMAKE_LINKER=$BUILD_PREFIX/bin/x86_64-conda-linux-gnu-ld -DCMAKE_STRIP=$BUILD_PREFIX/bin/x86_64-conda-linux-gnu-strip -DCMAKE_FIND_ROOT_PATH_MODE_PROGRAM=NEVER -DCMAKE_FIND_ROOT_PATH_MODE_LIBRARY=ONLY -DCMAKE_FIND_ROOT_PATH_MODE_INCLUDE=ONLY -DCMAKE_FIND_ROOT_PATH=$PREFIX;$BUILD_PREFIX/x86_64-conda-linux-gnu/sysroot -DCMAKE_INSTALL_PREFIX=$PREFIX -DCMAKE_INSTALL_LIBDIR=lib
+CMAKE_PREFIX_PATH=$PREFIX:$BUILD_PREFIX/x86_64-conda-linux-gnu/sysroot/usr
+CONDA_BUILD_SYSROOT=$BUILD_PREFIX/x86_64-conda-linux-gnu/sysroot
+_CONDA_PYTHON_SYSCONFIGDATA_NAME=_sysconfigdata_x86_64_conda_cos6_linux_gnu
+CONDA_TOOLCHAIN_BUILD=x86_64-conda-linux-gnu
+CONDA_TOOLCHAIN_HOST=x86_64-conda-linux-gnu
+CPPFLAGS=-DNDEBUG -D_FORTIFY_SOURCE=2 -O2 -isystem $PREFIX/include
+CPP=$BUILD_PREFIX/bin/x86_64-conda-linux-gnu-cpp
+DEBUG_CFLAGS=-march=nocona -mtune=haswell -ftree-vectorize -fPIC -fstack-protector-all -fno-plt -Og -g -Wall -Wextra -fvar-tracking-assignments -ffunction-sections -pipe -isystem $PREFIX/include -fdebug-prefix-map=$SRC_DIR=/usr/local/src/conda/openmm_deepmd_plugin-2.0.0.b3 -fdebug-prefix-map=$PREFIX=/usr/local/src/conda-prefix
+DEBUG_CPPFLAGS=-D_DEBUG -D_FORTIFY_SOURCE=2 -Og -isystem $PREFIX/include
+GCC_AR=$BUILD_PREFIX/bin/x86_64-conda-linux-gnu-gcc-ar
+GCC=$BUILD_PREFIX/bin/x86_64-conda-linux-gnu-gcc
+GCC_NM=$BUILD_PREFIX/bin/x86_64-conda-linux-gnu-gcc-nm
+GCC_RANLIB=$BUILD_PREFIX/bin/x86_64-conda-linux-gnu-gcc-ranlib
+host_alias=x86_64-conda-linux-gnu
+HOST=x86_64-conda-linux-gnu
+LDFLAGS=-Wl,-O2 -Wl,--sort-common -Wl,--as-needed -Wl,-z,relro -Wl,-z,now -Wl,--disable-new-dtags -Wl,--gc-sections -Wl,-rpath,$PREFIX/lib -Wl,-rpath-link,$PREFIX/lib -L$PREFIX/lib
INFO: activate-gxx_linux-64.sh made the following environmental changes:
+CXXFLAGS=-fvisibility-inlines-hidden -std=c++17 -fmessage-length=0 -march=nocona -mtune=haswell -ftree-vectorize -fPIC -fstack-protector-strong -fno-plt -O2 -ffunction-sections -pipe -isystem $PREFIX/include -fdebug-prefix-map=$SRC_DIR=/usr/local/src/conda/openmm_deepmd_plugin-2.0.0.b3 -fdebug-prefix-map=$PREFIX=/usr/local/src/conda-prefix
+CXX_FOR_BUILD=$BUILD_PREFIX/bin/x86_64-conda-linux-gnu-c++
+CXX=$BUILD_PREFIX/bin/x86_64-conda-linux-gnu-c++
+DEBUG_CXXFLAGS=-fvisibility-inlines-hidden -std=c++17 -fmessage-length=0 -march=nocona -mtune=haswell -ftree-vectorize -fPIC -fstack-protector-all -fno-plt -Og -g -Wall -Wextra -fvar-tracking-assignments -ffunction-sections -pipe -isystem $PREFIX/include -fdebug-prefix-map=$SRC_DIR=/usr/local/src/conda/openmm_deepmd_plugin-2.0.0.b3 -fdebug-prefix-map=$PREFIX=/usr/local/src/conda-prefix
+GXX=$BUILD_PREFIX/bin/x86_64-conda-linux-gnu-g++
-- The C compiler identification is GNU 7.5.0
-- The CXX compiler identification is GNU 7.5.0
-- Detecting C compiler ABI info
-- Detecting C compiler ABI info - done
-- Check for working C compiler: $BUILD_PREFIX/bin/x86_64-conda-linux-gnu-cc - skipped
-- Detecting C compile features
-- Detecting C compile features - done
-- Detecting CXX compiler ABI info
-- Detecting CXX compiler ABI info - done
-- Check for working CXX compiler: $BUILD_PREFIX/bin/x86_64-conda-linux-gnu-c++ - skipped
-- Detecting CXX compile features
-- Detecting CXX compile features - done
-- Looking for pthread.h
-- Looking for pthread.h - found
-- Performing Test CMAKE_HAVE_LIBC_PTHREAD
-- Performing Test CMAKE_HAVE_LIBC_PTHREAD - Failed
-- Looking for pthread_create in pthreads
-- Looking for pthread_create in pthreads - not found
-- Looking for pthread_create in pthread
-- Looking for pthread_create in pthread - found
-- Found Threads: TRUE  
-- Configuring done
-- Generating done
-- Build files have been written to: $SRC_DIR/build
Scanning dependencies of target OpenMMDeepmd
[  5%] Building CXX object CMakeFiles/OpenMMDeepmd.dir/openmmapi/src/DeepmdForce.cpp.o
[ 10%] Building CXX object CMakeFiles/OpenMMDeepmd.dir/openmmapi/src/DeepmdForceImpl.cpp.o
[ 15%] Building CXX object CMakeFiles/OpenMMDeepmd.dir/serialization/src/DeepmdForceProxy.cpp.o
[ 21%] Building CXX object CMakeFiles/OpenMMDeepmd.dir/serialization/src/DeepmdSerializationProxyRegistration.cpp.o
[ 26%] Linking CXX shared library libOpenMMDeepmd.so
[ 26%] Built target OpenMMDeepmd
Scanning dependencies of target TestSerializeDeepmdForce
[ 31%] Building CXX object serialization/tests/CMakeFiles/TestSerializeDeepmdForce.dir/TestSerializeDeepmdForce.cpp.o
[ 36%] Linking CXX executable ../../TestSerializeDeepmdForce
[ 36%] Built target TestSerializeDeepmdForce
Scanning dependencies of target OpenMMDeepmdReference
[ 42%] Building CXX object platforms/reference/CMakeFiles/OpenMMDeepmdReference.dir/src/ReferenceDeepmdKernelFactory.cpp.o
[ 47%] Building CXX object platforms/reference/CMakeFiles/OpenMMDeepmdReference.dir/src/ReferenceDeepmdKernels.cpp.o
[ 52%] Linking CXX shared library ../../libOpenMMDeepmdReference.so
[ 52%] Built target OpenMMDeepmdReference
Scanning dependencies of target TestDeepmdPlugin4Reference
[ 57%] Building CXX object platforms/reference/tests/CMakeFiles/TestDeepmdPlugin4Reference.dir/TestDeepmdPlugin4Reference.cpp.o
